{
  "RSpec": {
    "coverage": {
      "/Users/maryturpin/turing/3Module/project/viewing_party_lite/app/models/user.rb": {
        "lines": [
          1,
          1,
          1,
          null
        ]
      },
      "/Users/maryturpin/turing/3Module/project/viewing_party_lite/app/models/application_record.rb": {
        "lines": [
          1,
          1,
          null
        ]
      },
      "/Users/maryturpin/turing/3Module/project/viewing_party_lite/app/facades/movie_facade.rb": {
        "lines": [
          1,
          1,
          2,
          null,
          2,
          3,
          null,
          null,
          null
        ]
      },
      "/Users/maryturpin/turing/3Module/project/viewing_party_lite/app/services/movie_service.rb": {
        "lines": [
          1,
          null,
          null,
          null,
          null,
          null,
          null,
          null,
          null,
          null,
          1,
          2,
          2,
          null,
          null,
          1,
          0,
          0,
          null,
          null,
          1,
          0,
          0,
          null,
          null,
          1,
          0,
          0,
          null,
          null,
          1,
          1,
          2,
          2,
          2,
          2,
          null,
          null,
          null
        ]
      },
      "/Users/maryturpin/turing/3Module/project/viewing_party_lite/app/poros/movie_poros.rb": {
        "lines": [
          1,
          1,
          null,
          1,
          3,
          null,
          null,
          1,
          0,
          null,
          null,
          1,
          1,
          null,
          null,
          1,
          0,
          null,
          null,
          1,
          0,
          null,
          null,
          1,
          0,
          null,
          null,
          1,
          0,
          null,
          null,
          1,
          0,
          null,
          null,
          1,
          0,
          null,
          null
        ]
      },
      "/Users/maryturpin/turing/3Module/project/viewing_party_lite/app/controllers/movies_controller.rb": {
        "lines": [
          1,
          1,
          null,
          1,
          1,
          null,
          null,
          1,
          0,
          0,
          null,
          null
        ]
      },
      "/Users/maryturpin/turing/3Module/project/viewing_party_lite/app/controllers/application_controller.rb": {
        "lines": [
          1,
          null
        ]
      },
      "/Users/maryturpin/turing/3Module/project/viewing_party_lite/app/models/event_user.rb": {
        "lines": [
          0,
          0,
          0,
          null,
          0,
          0
        ],
        "branches": {
        }
      },
      "/Users/maryturpin/turing/3Module/project/viewing_party_lite/app/models/event.rb": {
        "lines": [
          0,
          0,
          0,
          0
        ],
        "branches": {
        }
      },
      "/Users/maryturpin/turing/3Module/project/viewing_party_lite/app/controllers/landing_controller.rb": {
        "lines": [
          0,
          0,
          0,
          0,
          0
        ],
        "branches": {
        }
      },
      "/Users/maryturpin/turing/3Module/project/viewing_party_lite/app/controllers/events_controller.rb": {
        "lines": [

        ],
        "branches": {
        }
      },
      "/Users/maryturpin/turing/3Module/project/viewing_party_lite/app/controllers/event_users_controller.rb": {
        "lines": [

        ],
        "branches": {
        }
      },
      "/Users/maryturpin/turing/3Module/project/viewing_party_lite/app/controllers/users_controller.rb": {
        "lines": [
          0,
          0,
          0,
          0,
          null,
          0,
          0,
          0,
          null,
          0,
          0,
          0,
          null,
          0,
          0,
          0,
          0,
          0,
          null,
          0,
          0,
          0,
          0,
          0
        ],
        "branches": {
        }
      }
    },
    "timestamp": 1661381785
  }
}
